[2019-12-07T15:49:43.183] [DEBUG] cheese - login => username:zhangsan,password:123456
[2019-12-07T15:49:43.185] [DEBUG] cheese - zhangsan
[2019-12-07T15:49:43.193] [DEBUG] cheese - null
[2019-12-07T15:49:43.193] [DEBUG] cheese - null
[2019-12-07T15:50:31.020] [DEBUG] cheese - login => username:admin,password:123456
[2019-12-07T15:50:31.020] [DEBUG] cheese - admin
[2019-12-07T15:50:31.027] [DEBUG] cheese - null
[2019-12-07T15:50:31.027] [DEBUG] cheese - null
[2019-12-07T21:20:09.666] [DEBUG] cheese - login => username:123,password:123123
[2019-12-07T21:20:09.666] [DEBUG] cheese - 123
[2019-12-07T21:20:09.668] [DEBUG] cheese - null
[2019-12-07T21:20:09.669] [DEBUG] cheese - null
[2019-12-07T21:21:15.246] [DEBUG] cheese - login => username:123123,password:123123123123
[2019-12-07T21:21:15.247] [DEBUG] cheese - 123123
[2019-12-07T21:21:15.248] [DEBUG] cheese - null
[2019-12-07T21:21:15.248] [DEBUG] cheese - null
[2019-12-07T21:23:12.310] [DEBUG] cheese - login => username:123123,password:123123123
[2019-12-07T21:23:12.310] [DEBUG] cheese - 123123
[2019-12-07T21:23:12.311] [DEBUG] cheese - null
[2019-12-07T21:23:12.311] [DEBUG] cheese - null
[2019-12-07T21:23:19.126] [DEBUG] cheese - login => username:admin,password:123456
[2019-12-07T21:23:19.126] [DEBUG] cheese - admin
[2019-12-07T21:23:19.129] [DEBUG] cheese - null
[2019-12-07T21:23:19.129] [DEBUG] cheese - null
[2019-12-07T21:28:37.094] [DEBUG] cheese - login => username:123,password:123123
[2019-12-07T21:28:37.094] [DEBUG] cheese - 123
[2019-12-07T21:28:37.096] [DEBUG] cheese - null
[2019-12-07T21:28:37.096] [DEBUG] cheese - null
[2019-12-07T21:28:43.509] [DEBUG] cheese - login => username:admin,password:123456
[2019-12-07T21:28:43.509] [DEBUG] cheese - admin
[2019-12-07T21:28:43.511] [DEBUG] cheese - null
[2019-12-07T21:28:43.511] [DEBUG] cheese - null
[2019-12-07T21:33:53.001] [DEBUG] cheese - login => username:admin,password:123456
[2019-12-07T21:33:53.001] [DEBUG] cheese - admin
[2019-12-07T21:33:53.003] [DEBUG] cheese - null
[2019-12-07T21:33:53.003] [DEBUG] cheese - null
[2019-12-07T21:46:33.745] [DEBUG] cheese - login => username:admin,password:123456
[2019-12-07T21:46:33.745] [DEBUG] cheese - admin
[2019-12-07T21:46:33.747] [DEBUG] cheese - null
[2019-12-07T21:46:33.747] [DEBUG] cheese - null
[2019-12-07T21:50:03.702] [DEBUG] cheese - login => username:admin,password:123456
[2019-12-07T21:50:03.702] [DEBUG] cheese - admin
[2019-12-07T21:50:03.704] [DEBUG] cheese - null
[2019-12-07T21:50:03.704] [DEBUG] cheese - null
[2019-12-08T14:28:24.471] [DEBUG] cheese - login => username:admin,password:123456
[2019-12-08T14:28:24.471] [DEBUG] cheese - admin
[2019-12-08T14:28:24.478] [DEBUG] cheese - null
[2019-12-08T14:28:24.478] [DEBUG] cheese - null
[2019-12-08T15:12:20.836] [DEBUG] cheese - login => username:admin,password:123456
[2019-12-08T15:12:20.837] [DEBUG] cheese - admin
[2019-12-08T15:12:20.839] [DEBUG] cheese - null
[2019-12-08T15:12:20.839] [DEBUG] cheese - null
[2019-12-08T15:14:01.442] [DEBUG] cheese - login => username:admin,password:123456
[2019-12-08T15:14:01.442] [DEBUG] cheese - admin
[2019-12-08T15:14:01.445] [DEBUG] cheese - null
[2019-12-08T15:14:01.445] [DEBUG] cheese - null
[2019-12-08T15:22:23.455] [DEBUG] cheese - login => username:admin,password:123456
[2019-12-08T15:22:23.455] [DEBUG] cheese - admin
[2019-12-08T15:22:23.457] [DEBUG] cheese - null
[2019-12-08T15:22:23.457] [DEBUG] cheese - null
[2019-12-08T16:09:06.899] [DEBUG] cheese - login => username:admin,password:123456
[2019-12-08T16:09:06.899] [DEBUG] cheese - admin
[2019-12-08T16:09:06.901] [DEBUG] cheese - null
[2019-12-08T16:09:06.901] [DEBUG] cheese - null
[2019-12-09T16:12:45.571] [DEBUG] cheese - login => username:admin,password:123456
[2019-12-09T16:12:45.571] [DEBUG] cheese - admin
[2019-12-09T16:12:45.573] [DEBUG] cheese - null
[2019-12-09T16:12:45.573] [DEBUG] cheese - null
[2019-12-10T13:27:30.985] [DEBUG] cheese - null
[2019-12-10T13:27:57.748] [DEBUG] cheese - null
[2019-12-10T13:30:09.489] [DEBUG] cheese - null
[2019-12-10T13:36:55.847] [DEBUG] cheese - null
[2019-12-10T13:36:59.075] [DEBUG] cheese - null
[2019-12-10T13:46:57.709] [DEBUG] cheese - login => username:admin,password:123456
[2019-12-10T13:46:57.709] [DEBUG] cheese - admin
[2019-12-10T13:46:57.711] [DEBUG] cheese - null
[2019-12-10T13:46:57.711] [DEBUG] cheese - null
[2019-12-10T13:47:09.053] [DEBUG] cheese - login => username:admin,password:123456
[2019-12-10T13:47:09.053] [DEBUG] cheese - admin
[2019-12-10T13:47:09.054] [DEBUG] cheese - null
[2019-12-10T13:47:09.055] [DEBUG] cheese - null
[2019-12-10T14:33:42.030] [DEBUG] cheese - null
[2019-12-11T10:14:57.664] [DEBUG] cheese - login => username:admin,password:123456
[2019-12-11T10:14:57.666] [DEBUG] cheese - admin
[2019-12-11T10:14:57.682] [DEBUG] cheese - null
[2019-12-11T10:14:57.682] [DEBUG] cheese - null
[2019-12-11T14:45:17.816] [DEBUG] cheese - login => username:admin,password:123456
[2019-12-11T14:45:17.816] [DEBUG] cheese - admin
[2019-12-11T14:45:17.819] [DEBUG] cheese - null
[2019-12-11T14:45:17.819] [DEBUG] cheese - null
[2019-12-12T15:22:24.701] [DEBUG] cheese - login => username:admin,password:123456
[2019-12-12T15:22:24.702] [DEBUG] cheese - admin
[2019-12-12T15:22:24.709] [DEBUG] cheese - null
[2019-12-12T15:22:24.709] [DEBUG] cheese - null
[2019-12-12T17:11:37.163] [DEBUG] cheese - login => username:admin,password:123456
[2019-12-12T17:11:37.163] [DEBUG] cheese - admin
[2019-12-12T17:11:37.166] [DEBUG] cheese - null
[2019-12-12T17:11:37.166] [DEBUG] cheese - null
[2019-12-12T18:09:42.726] [DEBUG] cheese - login => username:admin,password:123456
[2019-12-12T18:09:42.726] [DEBUG] cheese - admin
[2019-12-12T18:09:42.728] [DEBUG] cheese - null
[2019-12-12T18:09:42.728] [DEBUG] cheese - null
[2019-12-12T18:09:54.410] [DEBUG] cheese - login => username:admin,password:123456
[2019-12-12T18:09:54.410] [DEBUG] cheese - admin
[2019-12-12T18:09:54.411] [DEBUG] cheese - null
[2019-12-12T18:09:54.411] [DEBUG] cheese - null
[2019-12-12T22:13:13.464] [DEBUG] cheese - null
[2019-12-12T22:14:22.595] [DEBUG] cheese - null
[2019-12-13T15:41:09.745] [DEBUG] cheese - login => username:admin,password:123456
[2019-12-13T15:41:09.746] [DEBUG] cheese - admin
[2019-12-13T15:41:09.748] [DEBUG] cheese - null
[2019-12-13T15:41:09.748] [DEBUG] cheese - null
[2019-12-13T16:22:57.927] [DEBUG] cheese - login => username:admin,password:123456
[2019-12-13T16:22:57.927] [DEBUG] cheese - admin
[2019-12-13T16:22:57.929] [DEBUG] cheese - null
[2019-12-13T16:22:57.929] [DEBUG] cheese - null
[2019-12-13T16:44:16.917] [DEBUG] cheese - login => username:admin,password:123456
[2019-12-13T16:44:16.917] [DEBUG] cheese - admin
[2019-12-13T16:44:16.919] [DEBUG] cheese - null
[2019-12-13T16:44:16.919] [DEBUG] cheese - null
[2019-12-13T17:45:59.279] [DEBUG] cheese - login => username:admin,password:123456
[2019-12-13T17:45:59.280] [DEBUG] cheese - admin
[2019-12-13T17:45:59.283] [DEBUG] cheese - null
[2019-12-13T17:45:59.283] [DEBUG] cheese - null
[2019-12-13T17:49:55.063] [DEBUG] cheese - login => username:admin,password:123456
[2019-12-13T17:49:55.063] [DEBUG] cheese - admin
[2019-12-13T17:49:55.065] [DEBUG] cheese - null
[2019-12-13T17:49:55.066] [DEBUG] cheese - null
[2019-12-13T18:04:16.911] [DEBUG] cheese - login => username:admin,password:123456
[2019-12-13T18:04:16.911] [DEBUG] cheese - admin
[2019-12-13T18:04:16.913] [DEBUG] cheese - null
[2019-12-13T18:04:16.913] [DEBUG] cheese - null
